<?xml version="1.0" encoding="UTF-8" ?>
<testsuite tests="1" failures="0" name="com.haroon.cdi.requestedscope.RestaurantTest" time="4.022" errors="1" skipped="0">
  <properties>
    <property name="java.runtime.name" value="Java(TM) SE Runtime Environment"/>
    <property name="sun.boot.library.path" value="C:\Program Files\Java\jdk1.8.0_152\jre\bin"/>
    <property name="java.vm.version" value="25.152-b16"/>
    <property name="java.vm.vendor" value="Oracle Corporation"/>
    <property name="maven.multiModuleProjectDirectory" value="C:\Users\haroon.ghawsi\Desktop\HaroonGitHub\requestedscope"/>
    <property name="java.vendor.url" value="http://java.oracle.com/"/>
    <property name="path.separator" value=";"/>
    <property name="guice.disable.misplaced.annotation.check" value="true"/>
    <property name="java.vm.name" value="Java HotSpot(TM) 64-Bit Server VM"/>
    <property name="file.encoding.pkg" value="sun.io"/>
    <property name="user.script" value=""/>
    <property name="user.country" value="DE"/>
    <property name="sun.java.launcher" value="SUN_STANDARD"/>
    <property name="sun.os.patch.level" value=""/>
    <property name="java.vm.specification.name" value="Java Virtual Machine Specification"/>
    <property name="user.dir" value="C:\Users\haroon.ghawsi\Desktop\HaroonGitHub\requestedscope"/>
    <property name="java.runtime.version" value="1.8.0_152-b16"/>
    <property name="java.awt.graphicsenv" value="sun.awt.Win32GraphicsEnvironment"/>
    <property name="java.endorsed.dirs" value="C:\Program Files\Java\jdk1.8.0_152\jre\lib\endorsed"/>
    <property name="os.arch" value="amd64"/>
    <property name="java.io.tmpdir" value="C:\Users\HAROON~1.GHA\AppData\Local\Temp\"/>
    <property name="line.separator" value="
"/>
    <property name="java.vm.specification.vendor" value="Oracle Corporation"/>
    <property name="user.variant" value=""/>
    <property name="os.name" value="Windows 10"/>
    <property name="classworlds.conf" value="C:\apache-maven-3.5.2\bin\..\bin\m2.conf"/>
    <property name="sun.jnu.encoding" value="Cp1252"/>
    <property name="java.library.path" value="C:\Program Files\Java\jdk1.8.0_152\bin;C:\Windows\Sun\Java\bin;C:\Windows\system32;C:\Windows;C:/Program Files/Java/jdk1.8.0_152/bin/../jre/bin/server;C:/Program Files/Java/jdk1.8.0_152/bin/../jre/bin;C:/Program Files/Java/jdk1.8.0_152/bin/../jre/lib/amd64;C:\Program Files\Docker\Docker\Resources\bin;C:\Program Files (x86)\Intel\iCLS Client\;C:\Program Files\Intel\iCLS Client\;C:\Program Files\VideoLAN\VLC;C:\WINDOWS\system32;C:\Windows\system32;C:\Windows;C:\Program Files\Java\jdk1.8.0_152;C:\Program Files\Java\jdk1.8.0_152\bin;%CATALINA_HOME%\bin;C:\apache-maven-3.5.2\bin;C:\wildfly-11.0.0.Final\bin;C:\Program Files (x86)\Intel\Intel(R) Management Engine Components\DAL;C:\Program Files\Intel\Intel(R) Management Engine Components\DAL;C:\Program Files (x86)\Intel\Intel(R) Management Engine Components\IPT;C:\Program Files\Intel\Intel(R) Management Engine Components\IPT;C:\Windows\SysWOW64\Empirum;C:\Users\haroon.ghawsi\AppData\Local\Microsoft\WindowsApps;;C:\Users\haroon.ghawsi\Desktop\eclipse;;."/>
    <property name="maven.conf" value="C:\apache-maven-3.5.2\bin\../conf"/>
    <property name="java.specification.name" value="Java Platform API Specification"/>
    <property name="java.class.version" value="52.0"/>
    <property name="sun.management.compiler" value="HotSpot 64-Bit Tiered Compilers"/>
    <property name="os.version" value="10.0"/>
    <property name="library.jansi.path" value="C:\apache-maven-3.5.2\bin\..\lib\jansi-native"/>
    <property name="user.home" value="C:\Users\haroon.ghawsi"/>
    <property name="user.timezone" value="Europe/Berlin"/>
    <property name="java.awt.printerjob" value="sun.awt.windows.WPrinterJob"/>
    <property name="java.specification.version" value="1.8"/>
    <property name="file.encoding" value="Cp1252"/>
    <property name="user.name" value="haroon.ghawsi"/>
    <property name="java.class.path" value="C:\apache-maven-3.5.2\bin\..\boot\plexus-classworlds-2.5.2.jar"/>
    <property name="java.vm.specification.version" value="1.8"/>
    <property name="sun.arch.data.model" value="64"/>
    <property name="java.home" value="C:\Program Files\Java\jdk1.8.0_152\jre"/>
    <property name="sun.java.command" value="org.codehaus.plexus.classworlds.launcher.Launcher clean install -U"/>
    <property name="java.specification.vendor" value="Oracle Corporation"/>
    <property name="user.language" value="de"/>
    <property name="awt.toolkit" value="sun.awt.windows.WToolkit"/>
    <property name="java.vm.info" value="mixed mode"/>
    <property name="java.version" value="1.8.0_152"/>
    <property name="java.ext.dirs" value="C:\Program Files\Java\jdk1.8.0_152\jre\lib\ext;C:\Windows\Sun\Java\lib\ext"/>
    <property name="sun.boot.class.path" value="C:\Program Files\Java\jdk1.8.0_152\jre\lib\resources.jar;C:\Program Files\Java\jdk1.8.0_152\jre\lib\rt.jar;C:\Program Files\Java\jdk1.8.0_152\jre\lib\sunrsasign.jar;C:\Program Files\Java\jdk1.8.0_152\jre\lib\jsse.jar;C:\Program Files\Java\jdk1.8.0_152\jre\lib\jce.jar;C:\Program Files\Java\jdk1.8.0_152\jre\lib\charsets.jar;C:\Program Files\Java\jdk1.8.0_152\jre\lib\jfr.jar;C:\Program Files\Java\jdk1.8.0_152\jre\classes"/>
    <property name="sun.stderr.encoding" value="cp850"/>
    <property name="java.vendor" value="Oracle Corporation"/>
    <property name="maven.home" value="C:\apache-maven-3.5.2\bin\.."/>
    <property name="file.separator" value="\"/>
    <property name="java.vendor.url.bug" value="http://bugreport.sun.com/bugreport/"/>
    <property name="sun.cpu.endian" value="little"/>
    <property name="sun.io.unicode.encoding" value="UnicodeLittle"/>
    <property name="sun.stdout.encoding" value="cp850"/>
    <property name="sun.desktop" value="windows"/>
    <property name="sun.cpu.isalist" value="amd64"/>
  </properties>
  <testcase classname="com.haroon.cdi.requestedscope.RestaurantTest" name="orderSoup" time="4.022">
    <error message="Cannot obtain a free instance.; nested exception is: 
	javax.enterprise.inject.UnsatisfiedResolutionException: Api type [com.haroon.cdi.requestedscope.Soup] is not found with the qualifiers 
Qualifiers: [@javax.enterprise.inject.Default()]
for injection into Field Injection Point, field name :  soup, Bean Owner : [Waiter, WebBeansType:DEPENDENT, Name:null, API Types:[java.lang.Object,com.haroon.cdi.requestedscope.Waiter], Qualifiers:[javax.enterprise.inject.Default,javax.enterprise.inject.Any]]" type="javax.ejb.EJBException">javax.ejb.EJBException: Cannot obtain a free instance.; nested exception is: 
	javax.enterprise.inject.UnsatisfiedResolutionException: Api type [com.haroon.cdi.requestedscope.Soup] is not found with the qualifiers 
Qualifiers: [@javax.enterprise.inject.Default()]
for injection into Field Injection Point, field name :  soup, Bean Owner : [Waiter, WebBeansType:DEPENDENT, Name:null, API Types:[java.lang.Object,com.haroon.cdi.requestedscope.Waiter], Qualifiers:[javax.enterprise.inject.Default,javax.enterprise.inject.Any]]
	at org.apache.openejb.core.ivm.BaseEjbProxyHandler.convertException(BaseEjbProxyHandler.java:418)
	at org.apache.openejb.core.ivm.BaseEjbProxyHandler.invoke(BaseEjbProxyHandler.java:322)
	at com.haroon.cdi.requestedscope.Waiter$$LocalBeanProxy.orderSoup(com/haroon/cdi/requestedscope/Waiter.java)
	at com.haroon.cdi.requestedscope.RestaurantTest.orderSoup(RestaurantTest.java:29)
	at sun.reflect.NativeMethodAccessorImpl.invoke0(Native Method)
	at sun.reflect.NativeMethodAccessorImpl.invoke(NativeMethodAccessorImpl.java:62)
	at sun.reflect.DelegatingMethodAccessorImpl.invoke(DelegatingMethodAccessorImpl.java:43)
	at java.lang.reflect.Method.invoke(Method.java:498)
	at org.junit.runners.model.FrameworkMethod$1.runReflectiveCall(FrameworkMethod.java:47)
	at org.junit.internal.runners.model.ReflectiveCallable.run(ReflectiveCallable.java:12)
	at org.junit.runners.model.FrameworkMethod.invokeExplosively(FrameworkMethod.java:44)
	at org.junit.internal.runners.statements.InvokeMethod.evaluate(InvokeMethod.java:17)
	at org.junit.internal.runners.statements.RunBefores.evaluate(RunBefores.java:26)
	at org.junit.internal.runners.statements.RunAfters.evaluate(RunAfters.java:27)
	at org.junit.runners.ParentRunner.runLeaf(ParentRunner.java:271)
	at org.junit.runners.BlockJUnit4ClassRunner.runChild(BlockJUnit4ClassRunner.java:70)
	at org.junit.runners.BlockJUnit4ClassRunner.runChild(BlockJUnit4ClassRunner.java:50)
	at org.junit.runners.ParentRunner$3.run(ParentRunner.java:238)
	at org.junit.runners.ParentRunner$1.schedule(ParentRunner.java:63)
	at org.junit.runners.ParentRunner.runChildren(ParentRunner.java:236)
	at org.junit.runners.ParentRunner.access$000(ParentRunner.java:53)
	at org.junit.runners.ParentRunner$2.evaluate(ParentRunner.java:229)
	at org.junit.runners.ParentRunner.run(ParentRunner.java:309)
	at org.apache.maven.surefire.junit4.JUnit4Provider.execute(JUnit4Provider.java:252)
	at org.apache.maven.surefire.junit4.JUnit4Provider.executeTestSet(JUnit4Provider.java:141)
	at org.apache.maven.surefire.junit4.JUnit4Provider.invoke(JUnit4Provider.java:112)
	at sun.reflect.NativeMethodAccessorImpl.invoke0(Native Method)
	at sun.reflect.NativeMethodAccessorImpl.invoke(NativeMethodAccessorImpl.java:62)
	at sun.reflect.DelegatingMethodAccessorImpl.invoke(DelegatingMethodAccessorImpl.java:43)
	at java.lang.reflect.Method.invoke(Method.java:498)
	at org.apache.maven.surefire.util.ReflectionUtils.invokeMethodWithArray(ReflectionUtils.java:189)
	at org.apache.maven.surefire.booter.ProviderFactory$ProviderProxy.invoke(ProviderFactory.java:165)
	at org.apache.maven.surefire.booter.ProviderFactory.invokeProvider(ProviderFactory.java:85)
	at org.apache.maven.surefire.booter.ForkedBooter.runSuitesInProcess(ForkedBooter.java:115)
	at org.apache.maven.surefire.booter.ForkedBooter.main(ForkedBooter.java:75)
Caused by: javax.enterprise.inject.UnsatisfiedResolutionException: Api type [com.haroon.cdi.requestedscope.Soup] is not found with the qualifiers 
Qualifiers: [@javax.enterprise.inject.Default()]
for injection into Field Injection Point, field name :  soup, Bean Owner : [Waiter, WebBeansType:DEPENDENT, Name:null, API Types:[java.lang.Object,com.haroon.cdi.requestedscope.Waiter], Qualifiers:[javax.enterprise.inject.Default,javax.enterprise.inject.Any]]
	at org.apache.webbeans.util.InjectionExceptionUtil.throwUnsatisfiedResolutionException(InjectionExceptionUtil.java:65)
	at org.apache.webbeans.container.InjectionResolver.getInjectionPointBean(InjectionResolver.java:271)
	at org.apache.webbeans.inject.AbstractInjectable.inject(AbstractInjectable.java:82)
	at org.apache.webbeans.inject.InjectableField.doInjection(InjectableField.java:65)
	at org.apache.webbeans.portable.InjectionTargetImpl.injectFields(InjectionTargetImpl.java:220)
	at org.apache.webbeans.portable.InjectionTargetImpl.inject(InjectionTargetImpl.java:206)
	at org.apache.webbeans.portable.InjectionTargetImpl.inject(InjectionTargetImpl.java:196)
	at org.apache.openejb.BeanContext.inject(BeanContext.java:1778)
	at org.apache.openejb.BeanContext.newInstance(BeanContext.java:1606)
	at org.apache.openejb.core.stateless.StatelessInstanceManager.createInstance(StatelessInstanceManager.java:207)
	at org.apache.openejb.core.stateless.StatelessInstanceManager.getInstance(StatelessInstanceManager.java:199)
	at org.apache.openejb.core.stateless.StatelessContainer.invoke(StatelessContainer.java:186)
	at org.apache.openejb.core.ivm.EjbObjectProxyHandler.synchronizedBusinessMethod(EjbObjectProxyHandler.java:265)
	at org.apache.openejb.core.ivm.EjbObjectProxyHandler.businessMethod(EjbObjectProxyHandler.java:260)
	at org.apache.openejb.core.ivm.EjbObjectProxyHandler._invoke(EjbObjectProxyHandler.java:89)
	at org.apache.openejb.core.ivm.BaseEjbProxyHandler.invoke(BaseEjbProxyHandler.java:318)
	... 33 more
</error>
    <system-out>INFORMATION - ********************************************************************************
INFORMATION - OpenEJB http://tomee.apache.org/
INFORMATION - Startup: Thu Feb 22 16:38:54 CET 2018
INFORMATION - Copyright 1999-2015 (C) Apache OpenEJB Project, All Rights Reserved.
INFORMATION - Version: 5.0.0-SNAPSHOT
INFORMATION - Build date: 20150513
INFORMATION - Build time: 04:08
INFORMATION - ********************************************************************************
INFORMATION - openejb.home = C:\Users\haroon.ghawsi\Desktop\HaroonGitHub\requestedscope
INFORMATION - openejb.base = C:\Users\haroon.ghawsi\Desktop\HaroonGitHub\requestedscope
INFORMATION - Created new singletonService org.apache.openejb.cdi.ThreadSingletonServiceImpl@3f2a3a5
INFORMATION - Succeeded in installing singleton service
INFORMATION - Using &apos;javax.ejb.embeddable.EJBContainer=true&apos;
INFORMATION - Cannot find the configuration file [conf/openejb.xml].  Will attempt to create one for the beans deployed.
INFORMATION - Configuring Service(id=Default Security Service, type=SecurityService, provider-id=Default Security Service)
INFORMATION - Configuring Service(id=Default Transaction Manager, type=TransactionManager, provider-id=Default Transaction Manager)
INFORMATION - Creating TransactionManager(id=Default Transaction Manager)
INFORMATION - Creating SecurityService(id=Default Security Service)
INFORMATION - Found EjbModule in classpath: c:\users\haroon.ghawsi\desktop\haroongithub\requestedscope\target\classes
INFORMATION - Beginning load: c:\users\haroon.ghawsi\desktop\haroongithub\requestedscope\target\classes
INFORMATION - Configuring enterprise application: C:\Users\haroon.ghawsi\Desktop\HaroonGitHub\requestedscope
INFORMATION - Auto-deploying ejb Chef: EjbDeployment(deployment-id=Chef)
INFORMATION - Auto-deploying ejb Waiter: EjbDeployment(deployment-id=Waiter)
INFORMATION - Configuring Service(id=Default Stateless Container, type=Container, provider-id=Default Stateless Container)
INFORMATION - Auto-creating a container for bean Chef: Container(type=STATELESS, id=Default Stateless Container)
INFORMATION - Creating Container(id=Default Stateless Container)
INFORMATION - Configuring Service(id=Default Managed Container, type=Container, provider-id=Default Managed Container)
INFORMATION - Auto-creating a container for bean com.haroon.cdi.requestedscope.RestaurantTest: Container(type=MANAGED, id=Default Managed Container)
INFORMATION - Creating Container(id=Default Managed Container)
INFORMATION - Using directory C:\Users\HAROON~1.GHA\AppData\Local\Temp for stateful session passivation
INFORMATION - Configuring Service(id=comp/DefaultManagedExecutorService, type=Resource, provider-id=Default Executor Service)
INFORMATION - Auto-creating a Resource with id &apos;comp/DefaultManagedExecutorService&apos; of type &apos;javax.enterprise.concurrent.ManagedExecutorService for &apos;EjbModule1204481453.Comp652176954&apos;.
INFORMATION - Auto-linking resource-env-ref &apos;java:comp/DefaultManagedExecutorService&apos; in bean EjbModule1204481453.Comp652176954 to Resource(id=comp/DefaultManagedExecutorService)
INFORMATION - Configuring Service(id=comp/DefaultManagedScheduledExecutorService, type=Resource, provider-id=Default Scheduled Executor Service)
INFORMATION - Auto-creating a Resource with id &apos;comp/DefaultManagedScheduledExecutorService&apos; of type &apos;javax.enterprise.concurrent.ManagedScheduledExecutorService for &apos;EjbModule1204481453.Comp652176954&apos;.
INFORMATION - Auto-linking resource-env-ref &apos;java:comp/DefaultManagedScheduledExecutorService&apos; in bean EjbModule1204481453.Comp652176954 to Resource(id=comp/DefaultManagedScheduledExecutorService)
INFORMATION - Configuring Service(id=comp/DefaultManagedThreadFactory, type=Resource, provider-id=Default Managed Thread Factory)
INFORMATION - Auto-creating a Resource with id &apos;comp/DefaultManagedThreadFactory&apos; of type &apos;javax.enterprise.concurrent.ManagedThreadFactory for &apos;EjbModule1204481453.Comp652176954&apos;.
INFORMATION - Auto-linking resource-env-ref &apos;java:comp/DefaultManagedThreadFactory&apos; in bean EjbModule1204481453.Comp652176954 to Resource(id=comp/DefaultManagedThreadFactory)
WARNUNG - WARN ... requestedscope:	The application [requestedscope] uses @Inject but CDI is not enabled. Maybe youd need to add a beans.xml file.
WARNUNG - 1 warning for EjbModule(path=requestedscope)
INFORMATION - Enterprise application &quot;C:\Users\haroon.ghawsi\Desktop\HaroonGitHub\requestedscope&quot; loaded.
INFORMATION - Assembling app: C:\Users\haroon.ghawsi\Desktop\HaroonGitHub\requestedscope
INFORMATION - Jndi(name=&quot;java:global/requestedscope/Chef!com.haroon.cdi.requestedscope.Chef&quot;)
INFORMATION - Jndi(name=&quot;java:global/requestedscope/Chef&quot;)
INFORMATION - Jndi(name=&quot;java:global/requestedscope/Waiter!com.haroon.cdi.requestedscope.Waiter&quot;)
INFORMATION - Jndi(name=&quot;java:global/requestedscope/Waiter&quot;)
INFORMATION - Existing thread singleton service in SystemInstance(): org.apache.openejb.cdi.ThreadSingletonServiceImpl@3f2a3a5
INFORMATION - OpenWebBeans Container is starting...
INFORMATION - Adding OpenWebBeansPlugin : [CdiPlugin]
INFORMATION - All injection points were validated successfully.
INFORMATION - OpenWebBeans Container has started, it took 404 ms.
INFORMATION - Created Ejb(deployment-id=Chef, ejb-name=Chef, container=Default Stateless Container)
INFORMATION - Created Ejb(deployment-id=Waiter, ejb-name=Waiter, container=Default Stateless Container)
INFORMATION - Started Ejb(deployment-id=Chef, ejb-name=Chef, container=Default Stateless Container)
INFORMATION - Started Ejb(deployment-id=Waiter, ejb-name=Waiter, container=Default Stateless Container)
INFORMATION - Deployed Application(path=C:\Users\haroon.ghawsi\Desktop\HaroonGitHub\requestedscope)
SCHWERWIEGEND - The bean instance Waiter threw a system exception:javax.enterprise.inject.UnsatisfiedResolutionException: Api type [com.haroon.cdi.requestedscope.Soup] is not found with the qualifiers 
Qualifiers: [@javax.enterprise.inject.Default()]
for injection into Field Injection Point, field name :  soup, Bean Owner : [Waiter, WebBeansType:DEPENDENT, Name:null, API Types:[java.lang.Object,com.haroon.cdi.requestedscope.Waiter], Qualifiers:[javax.enterprise.inject.Default,javax.enterprise.inject.Any]]
javax.enterprise.inject.UnsatisfiedResolutionException: Api type [com.haroon.cdi.requestedscope.Soup] is not found with the qualifiers 
Qualifiers: [@javax.enterprise.inject.Default()]
for injection into Field Injection Point, field name :  soup, Bean Owner : [Waiter, WebBeansType:DEPENDENT, Name:null, API Types:[java.lang.Object,com.haroon.cdi.requestedscope.Waiter], Qualifiers:[javax.enterprise.inject.Default,javax.enterprise.inject.Any]]
	at org.apache.webbeans.util.InjectionExceptionUtil.throwUnsatisfiedResolutionException(InjectionExceptionUtil.java:65)
	at org.apache.webbeans.container.InjectionResolver.getInjectionPointBean(InjectionResolver.java:271)
	at org.apache.webbeans.inject.AbstractInjectable.inject(AbstractInjectable.java:82)
	at org.apache.webbeans.inject.InjectableField.doInjection(InjectableField.java:65)
	at org.apache.webbeans.portable.InjectionTargetImpl.injectFields(InjectionTargetImpl.java:220)
	at org.apache.webbeans.portable.InjectionTargetImpl.inject(InjectionTargetImpl.java:206)
	at org.apache.webbeans.portable.InjectionTargetImpl.inject(InjectionTargetImpl.java:196)
	at org.apache.openejb.BeanContext.inject(BeanContext.java:1778)
	at org.apache.openejb.BeanContext.newInstance(BeanContext.java:1606)
	at org.apache.openejb.core.stateless.StatelessInstanceManager.createInstance(StatelessInstanceManager.java:207)
	at org.apache.openejb.core.stateless.StatelessInstanceManager.getInstance(StatelessInstanceManager.java:199)
	at org.apache.openejb.core.stateless.StatelessContainer.invoke(StatelessContainer.java:186)
	at org.apache.openejb.core.ivm.EjbObjectProxyHandler.synchronizedBusinessMethod(EjbObjectProxyHandler.java:265)
	at org.apache.openejb.core.ivm.EjbObjectProxyHandler.businessMethod(EjbObjectProxyHandler.java:260)
	at org.apache.openejb.core.ivm.EjbObjectProxyHandler._invoke(EjbObjectProxyHandler.java:89)
	at org.apache.openejb.core.ivm.BaseEjbProxyHandler.invoke(BaseEjbProxyHandler.java:318)
	at com.haroon.cdi.requestedscope.Waiter$$LocalBeanProxy.orderSoup(com/haroon/cdi/requestedscope/Waiter.java)
	at com.haroon.cdi.requestedscope.RestaurantTest.orderSoup(RestaurantTest.java:29)
	at sun.reflect.NativeMethodAccessorImpl.invoke0(Native Method)
	at sun.reflect.NativeMethodAccessorImpl.invoke(NativeMethodAccessorImpl.java:62)
	at sun.reflect.DelegatingMethodAccessorImpl.invoke(DelegatingMethodAccessorImpl.java:43)
	at java.lang.reflect.Method.invoke(Method.java:498)
	at org.junit.runners.model.FrameworkMethod$1.runReflectiveCall(FrameworkMethod.java:47)
	at org.junit.internal.runners.model.ReflectiveCallable.run(ReflectiveCallable.java:12)
	at org.junit.runners.model.FrameworkMethod.invokeExplosively(FrameworkMethod.java:44)
	at org.junit.internal.runners.statements.InvokeMethod.evaluate(InvokeMethod.java:17)
	at org.junit.internal.runners.statements.RunBefores.evaluate(RunBefores.java:26)
	at org.junit.internal.runners.statements.RunAfters.evaluate(RunAfters.java:27)
	at org.junit.runners.ParentRunner.runLeaf(ParentRunner.java:271)
	at org.junit.runners.BlockJUnit4ClassRunner.runChild(BlockJUnit4ClassRunner.java:70)
	at org.junit.runners.BlockJUnit4ClassRunner.runChild(BlockJUnit4ClassRunner.java:50)
	at org.junit.runners.ParentRunner$3.run(ParentRunner.java:238)
	at org.junit.runners.ParentRunner$1.schedule(ParentRunner.java:63)
	at org.junit.runners.ParentRunner.runChildren(ParentRunner.java:236)
	at org.junit.runners.ParentRunner.access$000(ParentRunner.java:53)
	at org.junit.runners.ParentRunner$2.evaluate(ParentRunner.java:229)
	at org.junit.runners.ParentRunner.run(ParentRunner.java:309)
	at org.apache.maven.surefire.junit4.JUnit4Provider.execute(JUnit4Provider.java:252)
	at org.apache.maven.surefire.junit4.JUnit4Provider.executeTestSet(JUnit4Provider.java:141)
	at org.apache.maven.surefire.junit4.JUnit4Provider.invoke(JUnit4Provider.java:112)
	at sun.reflect.NativeMethodAccessorImpl.invoke0(Native Method)
	at sun.reflect.NativeMethodAccessorImpl.invoke(NativeMethodAccessorImpl.java:62)
	at sun.reflect.DelegatingMethodAccessorImpl.invoke(DelegatingMethodAccessorImpl.java:43)
	at java.lang.reflect.Method.invoke(Method.java:498)
	at org.apache.maven.surefire.util.ReflectionUtils.invokeMethodWithArray(ReflectionUtils.java:189)
	at org.apache.maven.surefire.booter.ProviderFactory$ProviderProxy.invoke(ProviderFactory.java:165)
	at org.apache.maven.surefire.booter.ProviderFactory.invokeProvider(ProviderFactory.java:85)
	at org.apache.maven.surefire.booter.ForkedBooter.runSuitesInProcess(ForkedBooter.java:115)
	at org.apache.maven.surefire.booter.ForkedBooter.main(ForkedBooter.java:75)
INFORMATION - Undeploying app: C:\Users\haroon.ghawsi\Desktop\HaroonGitHub\requestedscope
INFORMATION - Destroying OpenEJB container
</system-out>
  </testcase>
</testsuite>